Started GET "/" for 127.0.0.1 at 2017-09-20 11:34:18 -0400
  
PG::ConnectionBad (could not connect to server: No such file or directory
	Is the server running locally and accepting
	connections on Unix domain socket "/tmp/.s.PGSQL.5432"?
):
  
pg (0.21.0) lib/pg.rb:56:in `initialize'
pg (0.21.0) lib/pg.rb:56:in `new'
pg (0.21.0) lib/pg.rb:56:in `connect'
activerecord (5.1.4) lib/active_record/connection_adapters/postgresql_adapter.rb:695:in `connect'
activerecord (5.1.4) lib/active_record/connection_adapters/postgresql_adapter.rb:220:in `initialize'
activerecord (5.1.4) lib/active_record/connection_adapters/postgresql_adapter.rb:38:in `new'
activerecord (5.1.4) lib/active_record/connection_adapters/postgresql_adapter.rb:38:in `postgresql_connection'
activerecord (5.1.4) lib/active_record/connection_adapters/abstract/connection_pool.rb:759:in `new_connection'
activerecord (5.1.4) lib/active_record/connection_adapters/abstract/connection_pool.rb:803:in `checkout_new_connection'
activerecord (5.1.4) lib/active_record/connection_adapters/abstract/connection_pool.rb:782:in `try_to_checkout_new_connection'
activerecord (5.1.4) lib/active_record/connection_adapters/abstract/connection_pool.rb:743:in `acquire_connection'
activerecord (5.1.4) lib/active_record/connection_adapters/abstract/connection_pool.rb:500:in `checkout'
activerecord (5.1.4) lib/active_record/connection_adapters/abstract/connection_pool.rb:374:in `connection'
activerecord (5.1.4) lib/active_record/connection_adapters/abstract/connection_pool.rb:931:in `retrieve_connection'
activerecord (5.1.4) lib/active_record/connection_handling.rb:116:in `retrieve_connection'
activerecord (5.1.4) lib/active_record/connection_handling.rb:88:in `connection'
activerecord (5.1.4) lib/active_record/migration.rb:562:in `connection'
activerecord (5.1.4) lib/active_record/migration.rb:553:in `call'
actionpack (5.1.4) lib/action_dispatch/middleware/callbacks.rb:26:in `block in call'
activesupport (5.1.4) lib/active_support/callbacks.rb:97:in `run_callbacks'
actionpack (5.1.4) lib/action_dispatch/middleware/callbacks.rb:24:in `call'
actionpack (5.1.4) lib/action_dispatch/middleware/executor.rb:12:in `call'
actionpack (5.1.4) lib/action_dispatch/middleware/debug_exceptions.rb:59:in `call'
actionpack (5.1.4) lib/action_dispatch/middleware/show_exceptions.rb:31:in `call'
railties (5.1.4) lib/rails/rack/logger.rb:36:in `call_app'
railties (5.1.4) lib/rails/rack/logger.rb:24:in `block in call'
activesupport (5.1.4) lib/active_support/tagged_logging.rb:69:in `block in tagged'
activesupport (5.1.4) lib/active_support/tagged_logging.rb:26:in `tagged'
activesupport (5.1.4) lib/active_support/tagged_logging.rb:69:in `tagged'
railties (5.1.4) lib/rails/rack/logger.rb:24:in `call'
actionpack (5.1.4) lib/action_dispatch/middleware/remote_ip.rb:79:in `call'
actionpack (5.1.4) lib/action_dispatch/middleware/request_id.rb:25:in `call'
rack (2.0.3) lib/rack/runtime.rb:22:in `call'
activesupport (5.1.4) lib/active_support/cache/strategy/local_cache_middleware.rb:27:in `call'
actionpack (5.1.4) lib/action_dispatch/middleware/executor.rb:12:in `call'
actionpack (5.1.4) lib/action_dispatch/middleware/static.rb:125:in `call'
rack (2.0.3) lib/rack/sendfile.rb:111:in `call'
rack-cors (1.0.1) lib/rack/cors.rb:93:in `call'
railties (5.1.4) lib/rails/engine.rb:522:in `call'
puma (3.10.0) lib/puma/configuration.rb:225:in `call'
puma (3.10.0) lib/puma/server.rb:605:in `handle_request'
puma (3.10.0) lib/puma/server.rb:437:in `process_client'
puma (3.10.0) lib/puma/server.rb:301:in `block in run'
puma (3.10.0) lib/puma/thread_pool.rb:120:in `block in spawn_thread'
Started GET "/favicon.ico" for 127.0.0.1 at 2017-09-20 11:34:21 -0400
  
PG::ConnectionBad (could not connect to server: No such file or directory
	Is the server running locally and accepting
	connections on Unix domain socket "/tmp/.s.PGSQL.5432"?
):
  
pg (0.21.0) lib/pg.rb:56:in `initialize'
pg (0.21.0) lib/pg.rb:56:in `new'
pg (0.21.0) lib/pg.rb:56:in `connect'
activerecord (5.1.4) lib/active_record/connection_adapters/postgresql_adapter.rb:695:in `connect'
activerecord (5.1.4) lib/active_record/connection_adapters/postgresql_adapter.rb:220:in `initialize'
activerecord (5.1.4) lib/active_record/connection_adapters/postgresql_adapter.rb:38:in `new'
activerecord (5.1.4) lib/active_record/connection_adapters/postgresql_adapter.rb:38:in `postgresql_connection'
activerecord (5.1.4) lib/active_record/connection_adapters/abstract/connection_pool.rb:759:in `new_connection'
activerecord (5.1.4) lib/active_record/connection_adapters/abstract/connection_pool.rb:803:in `checkout_new_connection'
activerecord (5.1.4) lib/active_record/connection_adapters/abstract/connection_pool.rb:782:in `try_to_checkout_new_connection'
activerecord (5.1.4) lib/active_record/connection_adapters/abstract/connection_pool.rb:743:in `acquire_connection'
activerecord (5.1.4) lib/active_record/connection_adapters/abstract/connection_pool.rb:500:in `checkout'
activerecord (5.1.4) lib/active_record/connection_adapters/abstract/connection_pool.rb:374:in `connection'
activerecord (5.1.4) lib/active_record/connection_adapters/abstract/connection_pool.rb:931:in `retrieve_connection'
activerecord (5.1.4) lib/active_record/connection_handling.rb:116:in `retrieve_connection'
activerecord (5.1.4) lib/active_record/connection_handling.rb:88:in `connection'
activerecord (5.1.4) lib/active_record/migration.rb:562:in `connection'
activerecord (5.1.4) lib/active_record/migration.rb:553:in `call'
actionpack (5.1.4) lib/action_dispatch/middleware/callbacks.rb:26:in `block in call'
activesupport (5.1.4) lib/active_support/callbacks.rb:97:in `run_callbacks'
actionpack (5.1.4) lib/action_dispatch/middleware/callbacks.rb:24:in `call'
actionpack (5.1.4) lib/action_dispatch/middleware/executor.rb:12:in `call'
actionpack (5.1.4) lib/action_dispatch/middleware/debug_exceptions.rb:59:in `call'
actionpack (5.1.4) lib/action_dispatch/middleware/show_exceptions.rb:31:in `call'
railties (5.1.4) lib/rails/rack/logger.rb:36:in `call_app'
railties (5.1.4) lib/rails/rack/logger.rb:24:in `block in call'
activesupport (5.1.4) lib/active_support/tagged_logging.rb:69:in `block in tagged'
activesupport (5.1.4) lib/active_support/tagged_logging.rb:26:in `tagged'
activesupport (5.1.4) lib/active_support/tagged_logging.rb:69:in `tagged'
railties (5.1.4) lib/rails/rack/logger.rb:24:in `call'
actionpack (5.1.4) lib/action_dispatch/middleware/remote_ip.rb:79:in `call'
actionpack (5.1.4) lib/action_dispatch/middleware/request_id.rb:25:in `call'
rack (2.0.3) lib/rack/runtime.rb:22:in `call'
activesupport (5.1.4) lib/active_support/cache/strategy/local_cache_middleware.rb:27:in `call'
actionpack (5.1.4) lib/action_dispatch/middleware/executor.rb:12:in `call'
actionpack (5.1.4) lib/action_dispatch/middleware/static.rb:125:in `call'
rack (2.0.3) lib/rack/sendfile.rb:111:in `call'
rack-cors (1.0.1) lib/rack/cors.rb:93:in `call'
railties (5.1.4) lib/rails/engine.rb:522:in `call'
puma (3.10.0) lib/puma/configuration.rb:225:in `call'
puma (3.10.0) lib/puma/server.rb:605:in `handle_request'
puma (3.10.0) lib/puma/server.rb:437:in `process_client'
puma (3.10.0) lib/puma/server.rb:301:in `block in run'
puma (3.10.0) lib/puma/thread_pool.rb:120:in `block in spawn_thread'
Started GET "/" for 127.0.0.1 at 2017-09-20 11:38:42 -0400
  
ActiveRecord::NoDatabaseError (FATAL:  database "backend-api_development" does not exist
):
  
activerecord (5.1.4) lib/active_record/connection_adapters/postgresql_adapter.rb:699:in `rescue in connect'
activerecord (5.1.4) lib/active_record/connection_adapters/postgresql_adapter.rb:695:in `connect'
activerecord (5.1.4) lib/active_record/connection_adapters/postgresql_adapter.rb:220:in `initialize'
activerecord (5.1.4) lib/active_record/connection_adapters/postgresql_adapter.rb:38:in `new'
activerecord (5.1.4) lib/active_record/connection_adapters/postgresql_adapter.rb:38:in `postgresql_connection'
activerecord (5.1.4) lib/active_record/connection_adapters/abstract/connection_pool.rb:759:in `new_connection'
activerecord (5.1.4) lib/active_record/connection_adapters/abstract/connection_pool.rb:803:in `checkout_new_connection'
activerecord (5.1.4) lib/active_record/connection_adapters/abstract/connection_pool.rb:782:in `try_to_checkout_new_connection'
activerecord (5.1.4) lib/active_record/connection_adapters/abstract/connection_pool.rb:743:in `acquire_connection'
activerecord (5.1.4) lib/active_record/connection_adapters/abstract/connection_pool.rb:500:in `checkout'
activerecord (5.1.4) lib/active_record/connection_adapters/abstract/connection_pool.rb:374:in `connection'
activerecord (5.1.4) lib/active_record/connection_adapters/abstract/connection_pool.rb:931:in `retrieve_connection'
activerecord (5.1.4) lib/active_record/connection_handling.rb:116:in `retrieve_connection'
activerecord (5.1.4) lib/active_record/connection_handling.rb:88:in `connection'
activerecord (5.1.4) lib/active_record/migration.rb:562:in `connection'
activerecord (5.1.4) lib/active_record/migration.rb:553:in `call'
actionpack (5.1.4) lib/action_dispatch/middleware/callbacks.rb:26:in `block in call'
activesupport (5.1.4) lib/active_support/callbacks.rb:97:in `run_callbacks'
actionpack (5.1.4) lib/action_dispatch/middleware/callbacks.rb:24:in `call'
actionpack (5.1.4) lib/action_dispatch/middleware/executor.rb:12:in `call'
actionpack (5.1.4) lib/action_dispatch/middleware/debug_exceptions.rb:59:in `call'
actionpack (5.1.4) lib/action_dispatch/middleware/show_exceptions.rb:31:in `call'
railties (5.1.4) lib/rails/rack/logger.rb:36:in `call_app'
railties (5.1.4) lib/rails/rack/logger.rb:24:in `block in call'
activesupport (5.1.4) lib/active_support/tagged_logging.rb:69:in `block in tagged'
activesupport (5.1.4) lib/active_support/tagged_logging.rb:26:in `tagged'
activesupport (5.1.4) lib/active_support/tagged_logging.rb:69:in `tagged'
railties (5.1.4) lib/rails/rack/logger.rb:24:in `call'
actionpack (5.1.4) lib/action_dispatch/middleware/remote_ip.rb:79:in `call'
actionpack (5.1.4) lib/action_dispatch/middleware/request_id.rb:25:in `call'
rack (2.0.3) lib/rack/runtime.rb:22:in `call'
activesupport (5.1.4) lib/active_support/cache/strategy/local_cache_middleware.rb:27:in `call'
actionpack (5.1.4) lib/action_dispatch/middleware/executor.rb:12:in `call'
actionpack (5.1.4) lib/action_dispatch/middleware/static.rb:125:in `call'
rack (2.0.3) lib/rack/sendfile.rb:111:in `call'
rack-cors (1.0.1) lib/rack/cors.rb:93:in `call'
railties (5.1.4) lib/rails/engine.rb:522:in `call'
puma (3.10.0) lib/puma/configuration.rb:225:in `call'
puma (3.10.0) lib/puma/server.rb:605:in `handle_request'
puma (3.10.0) lib/puma/server.rb:437:in `process_client'
puma (3.10.0) lib/puma/server.rb:301:in `block in run'
puma (3.10.0) lib/puma/thread_pool.rb:120:in `block in spawn_thread'
Started GET "/favicon.ico" for 127.0.0.1 at 2017-09-20 11:38:45 -0400
  
ActiveRecord::NoDatabaseError (FATAL:  database "backend-api_development" does not exist
):
  
activerecord (5.1.4) lib/active_record/connection_adapters/postgresql_adapter.rb:699:in `rescue in connect'
activerecord (5.1.4) lib/active_record/connection_adapters/postgresql_adapter.rb:695:in `connect'
activerecord (5.1.4) lib/active_record/connection_adapters/postgresql_adapter.rb:220:in `initialize'
activerecord (5.1.4) lib/active_record/connection_adapters/postgresql_adapter.rb:38:in `new'
activerecord (5.1.4) lib/active_record/connection_adapters/postgresql_adapter.rb:38:in `postgresql_connection'
activerecord (5.1.4) lib/active_record/connection_adapters/abstract/connection_pool.rb:759:in `new_connection'
activerecord (5.1.4) lib/active_record/connection_adapters/abstract/connection_pool.rb:803:in `checkout_new_connection'
activerecord (5.1.4) lib/active_record/connection_adapters/abstract/connection_pool.rb:782:in `try_to_checkout_new_connection'
activerecord (5.1.4) lib/active_record/connection_adapters/abstract/connection_pool.rb:743:in `acquire_connection'
activerecord (5.1.4) lib/active_record/connection_adapters/abstract/connection_pool.rb:500:in `checkout'
activerecord (5.1.4) lib/active_record/connection_adapters/abstract/connection_pool.rb:374:in `connection'
activerecord (5.1.4) lib/active_record/connection_adapters/abstract/connection_pool.rb:931:in `retrieve_connection'
activerecord (5.1.4) lib/active_record/connection_handling.rb:116:in `retrieve_connection'
activerecord (5.1.4) lib/active_record/connection_handling.rb:88:in `connection'
activerecord (5.1.4) lib/active_record/migration.rb:562:in `connection'
activerecord (5.1.4) lib/active_record/migration.rb:553:in `call'
actionpack (5.1.4) lib/action_dispatch/middleware/callbacks.rb:26:in `block in call'
activesupport (5.1.4) lib/active_support/callbacks.rb:97:in `run_callbacks'
actionpack (5.1.4) lib/action_dispatch/middleware/callbacks.rb:24:in `call'
actionpack (5.1.4) lib/action_dispatch/middleware/executor.rb:12:in `call'
actionpack (5.1.4) lib/action_dispatch/middleware/debug_exceptions.rb:59:in `call'
actionpack (5.1.4) lib/action_dispatch/middleware/show_exceptions.rb:31:in `call'
railties (5.1.4) lib/rails/rack/logger.rb:36:in `call_app'
railties (5.1.4) lib/rails/rack/logger.rb:24:in `block in call'
activesupport (5.1.4) lib/active_support/tagged_logging.rb:69:in `block in tagged'
activesupport (5.1.4) lib/active_support/tagged_logging.rb:26:in `tagged'
activesupport (5.1.4) lib/active_support/tagged_logging.rb:69:in `tagged'
railties (5.1.4) lib/rails/rack/logger.rb:24:in `call'
actionpack (5.1.4) lib/action_dispatch/middleware/remote_ip.rb:79:in `call'
actionpack (5.1.4) lib/action_dispatch/middleware/request_id.rb:25:in `call'
rack (2.0.3) lib/rack/runtime.rb:22:in `call'
activesupport (5.1.4) lib/active_support/cache/strategy/local_cache_middleware.rb:27:in `call'
actionpack (5.1.4) lib/action_dispatch/middleware/executor.rb:12:in `call'
actionpack (5.1.4) lib/action_dispatch/middleware/static.rb:125:in `call'
rack (2.0.3) lib/rack/sendfile.rb:111:in `call'
rack-cors (1.0.1) lib/rack/cors.rb:93:in `call'
railties (5.1.4) lib/rails/engine.rb:522:in `call'
puma (3.10.0) lib/puma/configuration.rb:225:in `call'
puma (3.10.0) lib/puma/server.rb:605:in `handle_request'
puma (3.10.0) lib/puma/server.rb:437:in `process_client'
puma (3.10.0) lib/puma/server.rb:301:in `block in run'
puma (3.10.0) lib/puma/thread_pool.rb:120:in `block in spawn_thread'
  [1m[35m (22.6ms)[0m  [1m[35mCREATE TABLE "schema_migrations" ("version" character varying NOT NULL PRIMARY KEY)[0m
  [1m[35m (4.1ms)[0m  [1m[35mCREATE TABLE "ar_internal_metadata" ("key" character varying NOT NULL PRIMARY KEY, "value" character varying, "created_at" timestamp NOT NULL, "updated_at" timestamp NOT NULL)[0m
  [1m[35m (2.2ms)[0m  [1m[34mSELECT pg_try_advisory_lock(23093717504787195)[0m
  [1m[35m (1.8ms)[0m  [1m[34mSELECT "schema_migrations"."version" FROM "schema_migrations" ORDER BY "schema_migrations"."version" ASC[0m
Migrating to CreateProjects (20170920132646)
  [1m[35m (0.3ms)[0m  [1m[35mBEGIN[0m
  [1m[35m (10.5ms)[0m  [1m[35mCREATE TABLE "projects" ("id" bigserial primary key, "creator_id" integer, "name" character varying, "category" character varying, "long_desc" text, "short_desc" text, "project_image" character varying, "project_link" character varying, "target_launch" timestamp, "current_status" character varying DEFAULT 'open', "created_at" timestamp NOT NULL, "updated_at" timestamp NOT NULL)[0m
  [1m[35mSQL (0.6ms)[0m  [1m[32mINSERT INTO "schema_migrations" ("version") VALUES ($1) RETURNING "version"[0m  [["version", "20170920132646"]]
  [1m[35m (0.9ms)[0m  [1m[35mCOMMIT[0m
Migrating to CreateUsers (20170920133909)
  [1m[35m (0.3ms)[0m  [1m[35mBEGIN[0m
  [1m[35m (4.2ms)[0m  [1m[35mCREATE TABLE "users" ("id" bigserial primary key, "first_name" character varying, "last_name" character varying, "password_digest" character varying, "category" character varying, "bio" text, "role" character varying, "email" character varying, "linkedin" character varying, "latitude" character varying, "longitude" character varying, "created_at" timestamp NOT NULL, "updated_at" timestamp NOT NULL)[0m
  [1m[35mSQL (0.4ms)[0m  [1m[32mINSERT INTO "schema_migrations" ("version") VALUES ($1) RETURNING "version"[0m  [["version", "20170920133909"]]
  [1m[35m (0.5ms)[0m  [1m[35mCOMMIT[0m
Migrating to CreateProjectUsers (20170920134224)
  [1m[35m (0.4ms)[0m  [1m[35mBEGIN[0m
  [1m[35m (3.7ms)[0m  [1m[35mCREATE TABLE "project_users" ("id" bigserial primary key, "user_id" integer, "project_id" integer, "created_at" timestamp NOT NULL, "updated_at" timestamp NOT NULL)[0m
  [1m[35mSQL (0.5ms)[0m  [1m[32mINSERT INTO "schema_migrations" ("version") VALUES ($1) RETURNING "version"[0m  [["version", "20170920134224"]]
  [1m[35m (0.7ms)[0m  [1m[35mCOMMIT[0m
Migrating to CreateGoals (20170920134554)
  [1m[35m (0.4ms)[0m  [1m[35mBEGIN[0m
  [1m[35m (7.5ms)[0m  [1m[35mCREATE TABLE "goals" ("id" bigserial primary key, "description" character varying, "project_id" integer, "completed_date" timestamp, "completed" boolean DEFAULT 'f', "created_at" timestamp NOT NULL, "updated_at" timestamp NOT NULL)[0m
  [1m[35mSQL (0.3ms)[0m  [1m[32mINSERT INTO "schema_migrations" ("version") VALUES ($1) RETURNING "version"[0m  [["version", "20170920134554"]]
  [1m[35m (0.6ms)[0m  [1m[35mCOMMIT[0m
Migrating to CreateSkills (20170920134740)
  [1m[35m (0.6ms)[0m  [1m[35mBEGIN[0m
  [1m[35m (6.9ms)[0m  [1m[35mCREATE TABLE "skills" ("id" bigserial primary key, "name" character varying, "created_at" timestamp NOT NULL, "updated_at" timestamp NOT NULL)[0m
  [1m[35mSQL (0.3ms)[0m  [1m[32mINSERT INTO "schema_migrations" ("version") VALUES ($1) RETURNING "version"[0m  [["version", "20170920134740"]]
  [1m[35m (0.6ms)[0m  [1m[35mCOMMIT[0m
Migrating to CreateUserSkills (20170920134931)
  [1m[35m (0.4ms)[0m  [1m[35mBEGIN[0m
  [1m[35m (5.0ms)[0m  [1m[35mCREATE TABLE "user_skills" ("id" bigserial primary key, "user_id" integer, "skill_id" integer, "created_at" timestamp NOT NULL, "updated_at" timestamp NOT NULL)[0m
  [1m[35mSQL (0.6ms)[0m  [1m[32mINSERT INTO "schema_migrations" ("version") VALUES ($1) RETURNING "version"[0m  [["version", "20170920134931"]]
  [1m[35m (0.6ms)[0m  [1m[35mCOMMIT[0m
Migrating to CreateTasks (20170920135340)
  [1m[35m (0.6ms)[0m  [1m[35mBEGIN[0m
  [1m[35m (7.8ms)[0m  [1m[35mCREATE TABLE "tasks" ("id" bigserial primary key, "description" text, "completer_id" integer, "poster_id" integer, "project_id" integer, "completed_date" timestamp, "current_status" character varying, "created_at" timestamp NOT NULL, "updated_at" timestamp NOT NULL)[0m
  [1m[35mSQL (0.5ms)[0m  [1m[32mINSERT INTO "schema_migrations" ("version") VALUES ($1) RETURNING "version"[0m  [["version", "20170920135340"]]
  [1m[35m (0.6ms)[0m  [1m[35mCOMMIT[0m
Migrating to CreateProjectSkills (20170920135610)
  [1m[35m (0.3ms)[0m  [1m[35mBEGIN[0m
  [1m[35m (6.1ms)[0m  [1m[35mCREATE TABLE "project_skills" ("id" bigserial primary key, "project_id" integer, "skill_id" integer, "fulfilled" boolean DEFAULT 'f', "created_at" timestamp NOT NULL, "updated_at" timestamp NOT NULL)[0m
  [1m[35mSQL (0.6ms)[0m  [1m[32mINSERT INTO "schema_migrations" ("version") VALUES ($1) RETURNING "version"[0m  [["version", "20170920135610"]]
  [1m[35m (0.8ms)[0m  [1m[35mCOMMIT[0m
  [1m[36mActiveRecord::InternalMetadata Load (0.5ms)[0m  [1m[34mSELECT  "ar_internal_metadata".* FROM "ar_internal_metadata" WHERE "ar_internal_metadata"."key" = $1 LIMIT $2[0m  [["key", "environment"], ["LIMIT", 1]]
  [1m[35m (0.2ms)[0m  [1m[35mBEGIN[0m
  [1m[35mSQL (1.8ms)[0m  [1m[32mINSERT INTO "ar_internal_metadata" ("key", "value", "created_at", "updated_at") VALUES ($1, $2, $3, $4) RETURNING "key"[0m  [["key", "environment"], ["value", "development"], ["created_at", "2017-09-20 15:45:12.300114"], ["updated_at", "2017-09-20 15:45:12.300114"]]
  [1m[35m (0.5ms)[0m  [1m[35mCOMMIT[0m
  [1m[35m (0.4ms)[0m  [1m[34mSELECT pg_advisory_unlock(23093717504787195)[0m
  [1m[35m (0.5ms)[0m  [1m[34mSELECT "schema_migrations"."version" FROM "schema_migrations" ORDER BY "schema_migrations"."version" ASC[0m
Started GET "/" for 127.0.0.1 at 2017-09-20 11:45:35 -0400
  [1m[35m (1.0ms)[0m  [1m[34mSELECT "schema_migrations"."version" FROM "schema_migrations" ORDER BY "schema_migrations"."version" ASC[0m
Processing by Rails::WelcomeController#index as HTML
  Rendering /Users/flatironschool/.rvm/gems/ruby-2.3.3/gems/railties-5.1.4/lib/rails/templates/rails/welcome/index.html.erb
  Rendered /Users/flatironschool/.rvm/gems/ruby-2.3.3/gems/railties-5.1.4/lib/rails/templates/rails/welcome/index.html.erb (5.7ms)
Completed 200 OK in 16ms (Views: 12.7ms | ActiveRecord: 0.0ms)


Started GET "/" for 127.0.0.1 at 2017-09-20 11:45:36 -0400
Processing by Rails::WelcomeController#index as HTML
  Rendering /Users/flatironschool/.rvm/gems/ruby-2.3.3/gems/railties-5.1.4/lib/rails/templates/rails/welcome/index.html.erb
  Rendered /Users/flatironschool/.rvm/gems/ruby-2.3.3/gems/railties-5.1.4/lib/rails/templates/rails/welcome/index.html.erb (9.2ms)
Completed 200 OK in 18ms (Views: 14.2ms | ActiveRecord: 0.0ms)


Started GET "/favicon.ico" for 127.0.0.1 at 2017-09-20 11:45:38 -0400
  
ActionController::RoutingError (No route matches [GET] "/favicon.ico"):
  
actionpack (5.1.4) lib/action_dispatch/middleware/debug_exceptions.rb:63:in `call'
actionpack (5.1.4) lib/action_dispatch/middleware/show_exceptions.rb:31:in `call'
railties (5.1.4) lib/rails/rack/logger.rb:36:in `call_app'
railties (5.1.4) lib/rails/rack/logger.rb:24:in `block in call'
activesupport (5.1.4) lib/active_support/tagged_logging.rb:69:in `block in tagged'
activesupport (5.1.4) lib/active_support/tagged_logging.rb:26:in `tagged'
activesupport (5.1.4) lib/active_support/tagged_logging.rb:69:in `tagged'
railties (5.1.4) lib/rails/rack/logger.rb:24:in `call'
actionpack (5.1.4) lib/action_dispatch/middleware/remote_ip.rb:79:in `call'
actionpack (5.1.4) lib/action_dispatch/middleware/request_id.rb:25:in `call'
rack (2.0.3) lib/rack/runtime.rb:22:in `call'
activesupport (5.1.4) lib/active_support/cache/strategy/local_cache_middleware.rb:27:in `call'
actionpack (5.1.4) lib/action_dispatch/middleware/executor.rb:12:in `call'
actionpack (5.1.4) lib/action_dispatch/middleware/static.rb:125:in `call'
rack (2.0.3) lib/rack/sendfile.rb:111:in `call'
rack-cors (1.0.1) lib/rack/cors.rb:93:in `call'
railties (5.1.4) lib/rails/engine.rb:522:in `call'
puma (3.10.0) lib/puma/configuration.rb:225:in `call'
puma (3.10.0) lib/puma/server.rb:605:in `handle_request'
puma (3.10.0) lib/puma/server.rb:437:in `process_client'
puma (3.10.0) lib/puma/server.rb:301:in `block in run'
puma (3.10.0) lib/puma/thread_pool.rb:120:in `block in spawn_thread'
  [1m[35m (1.9ms)[0m  [1m[34mSELECT "schema_migrations"."version" FROM "schema_migrations" ORDER BY "schema_migrations"."version" ASC[0m
  [1m[35m (3.9ms)[0m  [1m[34mSELECT pg_try_advisory_lock(23093717504787195)[0m
  [1m[35m (0.7ms)[0m  [1m[34mSELECT "schema_migrations"."version" FROM "schema_migrations" ORDER BY "schema_migrations"."version" ASC[0m
Migrating to CreateProjectSkills (20170920135610)
  [1m[35m (0.2ms)[0m  [1m[35mBEGIN[0m
  [1m[35m (18.6ms)[0m  [1m[35mDROP TABLE "project_skills"[0m
  [1m[35mSQL (2.8ms)[0m  [1m[31mDELETE FROM "schema_migrations" WHERE "schema_migrations"."version" = $1[0m  [["version", "20170920135610"]]
  [1m[35m (4.5ms)[0m  [1m[35mCOMMIT[0m
  [1m[35m (0.4ms)[0m  [1m[34mSELECT pg_advisory_unlock(23093717504787195)[0m
  [1m[35m (0.6ms)[0m  [1m[34mSELECT "schema_migrations"."version" FROM "schema_migrations" ORDER BY "schema_migrations"."version" ASC[0m
  [1m[35m (1.1ms)[0m  [1m[34mSELECT "schema_migrations"."version" FROM "schema_migrations" ORDER BY "schema_migrations"."version" ASC[0m
  [1m[35m (0.3ms)[0m  [1m[34mSELECT pg_try_advisory_lock(23093717504787195)[0m
  [1m[35m (0.3ms)[0m  [1m[34mSELECT "schema_migrations"."version" FROM "schema_migrations" ORDER BY "schema_migrations"."version" ASC[0m
Migrating to CreateTasks (20170920135340)
  [1m[35m (0.2ms)[0m  [1m[35mBEGIN[0m
  [1m[35m (3.9ms)[0m  [1m[35mDROP TABLE "tasks"[0m
  [1m[35mSQL (0.7ms)[0m  [1m[31mDELETE FROM "schema_migrations" WHERE "schema_migrations"."version" = $1[0m  [["version", "20170920135340"]]
  [1m[35m (1.7ms)[0m  [1m[35mCOMMIT[0m
  [1m[35m (0.3ms)[0m  [1m[34mSELECT pg_advisory_unlock(23093717504787195)[0m
  [1m[35m (0.4ms)[0m  [1m[34mSELECT "schema_migrations"."version" FROM "schema_migrations" ORDER BY "schema_migrations"."version" ASC[0m
  [1m[35m (0.3ms)[0m  [1m[34mSELECT pg_try_advisory_lock(23093717504787195)[0m
  [1m[35m (1.3ms)[0m  [1m[34mSELECT "schema_migrations"."version" FROM "schema_migrations" ORDER BY "schema_migrations"."version" ASC[0m
Migrating to CreateTasks (20170920135340)
  [1m[35m (0.2ms)[0m  [1m[35mBEGIN[0m
  [1m[35m (11.1ms)[0m  [1m[35mCREATE TABLE "tasks" ("id" bigserial primary key, "description" text, "completer_id" integer, "poster_id" integer, "project_id" integer, "completed_date" timestamp, "current_status" character varying DEFAULT 'open', "created_at" timestamp NOT NULL, "updated_at" timestamp NOT NULL)[0m
  [1m[35mSQL (0.5ms)[0m  [1m[32mINSERT INTO "schema_migrations" ("version") VALUES ($1) RETURNING "version"[0m  [["version", "20170920135340"]]
  [1m[35m (0.9ms)[0m  [1m[35mCOMMIT[0m
Migrating to CreateProjectSkills (20170920135610)
  [1m[35m (0.4ms)[0m  [1m[35mBEGIN[0m
  [1m[35m (2.9ms)[0m  [1m[35mCREATE TABLE "project_skills" ("id" bigserial primary key, "project_id" integer, "skill_id" integer, "fulfilled" boolean DEFAULT 'f', "created_at" timestamp NOT NULL, "updated_at" timestamp NOT NULL)[0m
  [1m[35mSQL (0.4ms)[0m  [1m[32mINSERT INTO "schema_migrations" ("version") VALUES ($1) RETURNING "version"[0m  [["version", "20170920135610"]]
  [1m[35m (0.5ms)[0m  [1m[35mCOMMIT[0m
  [1m[36mActiveRecord::InternalMetadata Load (1.8ms)[0m  [1m[34mSELECT  "ar_internal_metadata".* FROM "ar_internal_metadata" WHERE "ar_internal_metadata"."key" = $1 LIMIT $2[0m  [["key", "environment"], ["LIMIT", 1]]
  [1m[35m (0.2ms)[0m  [1m[35mBEGIN[0m
  [1m[35m (0.2ms)[0m  [1m[35mCOMMIT[0m
  [1m[35m (0.3ms)[0m  [1m[34mSELECT pg_advisory_unlock(23093717504787195)[0m
  [1m[35m (0.4ms)[0m  [1m[34mSELECT "schema_migrations"."version" FROM "schema_migrations" ORDER BY "schema_migrations"."version" ASC[0m
Started GET "/favicon.ico" for 127.0.0.1 at 2017-09-20 11:54:39 -0400
  
ActionController::RoutingError (No route matches [GET] "/favicon.ico"):
  
actionpack (5.1.4) lib/action_dispatch/middleware/debug_exceptions.rb:63:in `call'
actionpack (5.1.4) lib/action_dispatch/middleware/show_exceptions.rb:31:in `call'
railties (5.1.4) lib/rails/rack/logger.rb:36:in `call_app'
railties (5.1.4) lib/rails/rack/logger.rb:24:in `block in call'
activesupport (5.1.4) lib/active_support/tagged_logging.rb:69:in `block in tagged'
activesupport (5.1.4) lib/active_support/tagged_logging.rb:26:in `tagged'
activesupport (5.1.4) lib/active_support/tagged_logging.rb:69:in `tagged'
railties (5.1.4) lib/rails/rack/logger.rb:24:in `call'
actionpack (5.1.4) lib/action_dispatch/middleware/remote_ip.rb:79:in `call'
actionpack (5.1.4) lib/action_dispatch/middleware/request_id.rb:25:in `call'
rack (2.0.3) lib/rack/runtime.rb:22:in `call'
activesupport (5.1.4) lib/active_support/cache/strategy/local_cache_middleware.rb:27:in `call'
actionpack (5.1.4) lib/action_dispatch/middleware/executor.rb:12:in `call'
actionpack (5.1.4) lib/action_dispatch/middleware/static.rb:125:in `call'
rack (2.0.3) lib/rack/sendfile.rb:111:in `call'
rack-cors (1.0.1) lib/rack/cors.rb:93:in `call'
railties (5.1.4) lib/rails/engine.rb:522:in `call'
puma (3.10.0) lib/puma/configuration.rb:225:in `call'
puma (3.10.0) lib/puma/server.rb:605:in `handle_request'
puma (3.10.0) lib/puma/server.rb:437:in `process_client'
puma (3.10.0) lib/puma/server.rb:301:in `block in run'
puma (3.10.0) lib/puma/thread_pool.rb:120:in `block in spawn_thread'
  [1m[35m (1.3ms)[0m  [1m[35mBEGIN[0m
  [1m[35m (1.3ms)[0m  [1m[31mROLLBACK[0m
  [1m[35m (4.1ms)[0m  [1m[34mSELECT pg_try_advisory_lock(23093717504787195)[0m
  [1m[35m (5.0ms)[0m  [1m[34mSELECT "schema_migrations"."version" FROM "schema_migrations" ORDER BY "schema_migrations"."version" ASC[0m
Migrating to AddGhostModeToUser (20170920181801)
  [1m[35m (0.6ms)[0m  [1m[35mBEGIN[0m
  [1m[35m (77.9ms)[0m  [1m[35mALTER TABLE "users" ADD "ghost_mode" boolean DEFAULT 'f'[0m
  [1m[35mSQL (0.9ms)[0m  [1m[32mINSERT INTO "schema_migrations" ("version") VALUES ($1) RETURNING "version"[0m  [["version", "20170920181801"]]
  [1m[35m (5.2ms)[0m  [1m[35mCOMMIT[0m
  [1m[36mActiveRecord::InternalMetadata Load (2.5ms)[0m  [1m[34mSELECT  "ar_internal_metadata".* FROM "ar_internal_metadata" WHERE "ar_internal_metadata"."key" = $1 LIMIT $2[0m  [["key", "environment"], ["LIMIT", 1]]
  [1m[35m (0.2ms)[0m  [1m[35mBEGIN[0m
  [1m[35m (0.2ms)[0m  [1m[35mCOMMIT[0m
  [1m[35m (0.7ms)[0m  [1m[34mSELECT pg_advisory_unlock(23093717504787195)[0m
  [1m[35m (0.4ms)[0m  [1m[34mSELECT "schema_migrations"."version" FROM "schema_migrations" ORDER BY "schema_migrations"."version" ASC[0m
  [1m[35m (1.8ms)[0m  [1m[34mSELECT pg_try_advisory_lock(23093717504787195)[0m
  [1m[35m (2.1ms)[0m  [1m[34mSELECT "schema_migrations"."version" FROM "schema_migrations" ORDER BY "schema_migrations"."version" ASC[0m
Migrating to AddUserImageToUser (20170920185613)
  [1m[35m (0.6ms)[0m  [1m[35mBEGIN[0m
  [1m[35m (13.5ms)[0m  [1m[35mALTER TABLE "users" ADD "user_image" character varying[0m
  [1m[35mSQL (0.9ms)[0m  [1m[32mINSERT INTO "schema_migrations" ("version") VALUES ($1) RETURNING "version"[0m  [["version", "20170920185613"]]
  [1m[35m (2.8ms)[0m  [1m[35mCOMMIT[0m
  [1m[36mActiveRecord::InternalMetadata Load (1.2ms)[0m  [1m[34mSELECT  "ar_internal_metadata".* FROM "ar_internal_metadata" WHERE "ar_internal_metadata"."key" = $1 LIMIT $2[0m  [["key", "environment"], ["LIMIT", 1]]
  [1m[35m (0.2ms)[0m  [1m[35mBEGIN[0m
  [1m[35m (0.2ms)[0m  [1m[35mCOMMIT[0m
  [1m[35m (1.1ms)[0m  [1m[34mSELECT pg_advisory_unlock(23093717504787195)[0m
  [1m[35m (1.2ms)[0m  [1m[34mSELECT "schema_migrations"."version" FROM "schema_migrations" ORDER BY "schema_migrations"."version" ASC[0m
Started GET "/" for 127.0.0.1 at 2017-09-20 15:06:15 -0400
  [1m[35m (2.1ms)[0m  [1m[34mSELECT "schema_migrations"."version" FROM "schema_migrations" ORDER BY "schema_migrations"."version" ASC[0m
Processing by Rails::WelcomeController#index as HTML
  Rendering /Users/flatironschool/.rvm/gems/ruby-2.3.3/gems/railties-5.1.4/lib/rails/templates/rails/welcome/index.html.erb
  Rendered /Users/flatironschool/.rvm/gems/ruby-2.3.3/gems/railties-5.1.4/lib/rails/templates/rails/welcome/index.html.erb (6.5ms)
Completed 200 OK in 18ms (Views: 13.0ms | ActiveRecord: 0.0ms)


  [1m[35m (0.7ms)[0m  [1m[35mBEGIN[0m
  [1m[35mSQL (17.9ms)[0m  [1m[32mINSERT INTO "users" ("first_name", "last_name", "password_digest", "category", "bio", "role", "email", "created_at", "updated_at") VALUES ($1, $2, $3, $4, $5, $6, $7, $8, $9) RETURNING "id"[0m  [["first_name", "Tyler"], ["last_name", "Knight"], ["password_digest", "pw"], ["category", "science"], ["bio", "heres some info about me"], ["role", "engineer"], ["email", "tknight@me.com"], ["created_at", "2017-09-20 21:35:54.900102"], ["updated_at", "2017-09-20 21:35:54.900102"]]
  [1m[35m (2.1ms)[0m  [1m[35mCOMMIT[0m
  [1m[35m (0.2ms)[0m  [1m[35mBEGIN[0m
  [1m[35mSQL (2.6ms)[0m  [1m[32mINSERT INTO "users" ("first_name", "last_name", "password_digest", "category", "bio", "role", "email", "created_at", "updated_at") VALUES ($1, $2, $3, $4, $5, $6, $7, $8, $9) RETURNING "id"[0m  [["first_name", "Wakim"], ["last_name", "Parker"], ["password_digest", "pw"], ["category", "science"], ["bio", "heres some info about me"], ["role", "engineer"], ["email", "wknight@me.com"], ["created_at", "2017-09-20 21:35:54.944223"], ["updated_at", "2017-09-20 21:35:54.944223"]]
  [1m[35m (0.6ms)[0m  [1m[35mCOMMIT[0m
  [1m[35m (0.2ms)[0m  [1m[35mBEGIN[0m
  [1m[35mSQL (1.4ms)[0m  [1m[32mINSERT INTO "users" ("first_name", "last_name", "password_digest", "category", "bio", "role", "email", "created_at", "updated_at") VALUES ($1, $2, $3, $4, $5, $6, $7, $8, $9) RETURNING "id"[0m  [["first_name", "Johnny"], ["last_name", "Vulture"], ["password_digest", "pw"], ["category", "science"], ["bio", "heres some info about me"], ["role", "engineer"], ["email", "jknight@me.com"], ["created_at", "2017-09-20 21:35:54.952405"], ["updated_at", "2017-09-20 21:35:54.952405"]]
  [1m[35m (0.8ms)[0m  [1m[35mCOMMIT[0m
  [1m[35m (0.2ms)[0m  [1m[35mBEGIN[0m
  [1m[35mSQL (0.6ms)[0m  [1m[32mINSERT INTO "users" ("first_name", "last_name", "password_digest", "category", "bio", "role", "email", "created_at", "updated_at") VALUES ($1, $2, $3, $4, $5, $6, $7, $8, $9) RETURNING "id"[0m  [["first_name", "Theo"], ["last_name", "Cumberbatch"], ["password_digest", "pw"], ["category", "science"], ["bio", "heres some info about me"], ["role", "engineer"], ["email", "thknight@me.com"], ["created_at", "2017-09-20 21:35:58.407080"], ["updated_at", "2017-09-20 21:35:58.407080"]]
  [1m[35m (8.6ms)[0m  [1m[35mCOMMIT[0m
  [1m[36mUser Load (9.1ms)[0m  [1m[34mSELECT  "users".* FROM "users" LIMIT $1[0m  [["LIMIT", 11]]
  [1m[36mProject Load (11.6ms)[0m  [1m[34mSELECT  "projects".* FROM "projects" LIMIT $1[0m  [["LIMIT", 11]]
  [1m[35m (0.3ms)[0m  [1m[35mBEGIN[0m
  [1m[35m (1.4ms)[0m  [1m[31mROLLBACK[0m
  [1m[35m (1.8ms)[0m  [1m[35mBEGIN[0m
  [1m[35m (0.4ms)[0m  [1m[31mROLLBACK[0m
  [1m[35m (1.6ms)[0m  [1m[35mBEGIN[0m
  [1m[35m (0.4ms)[0m  [1m[31mROLLBACK[0m
  [1m[35m (0.2ms)[0m  [1m[35mBEGIN[0m
  [1m[35m (0.2ms)[0m  [1m[31mROLLBACK[0m
  [1m[35m (0.3ms)[0m  [1m[35mBEGIN[0m
  [1m[35m (0.4ms)[0m  [1m[31mROLLBACK[0m
  [1m[35m (0.3ms)[0m  [1m[35mBEGIN[0m
  [1m[35m (0.3ms)[0m  [1m[31mROLLBACK[0m
  [1m[35m (2.9ms)[0m  [1m[35mBEGIN[0m
  [1m[35m (0.3ms)[0m  [1m[31mROLLBACK[0m
  [1m[36mProject Load (0.9ms)[0m  [1m[34mSELECT  "projects".* FROM "projects" WHERE "projects"."creator_id" = $1 LIMIT $2[0m  [["creator_id", 1], ["LIMIT", 11]]
  [1m[35m (0.3ms)[0m  [1m[35mBEGIN[0m
  [1m[35mSQL (1.1ms)[0m  [1m[32mINSERT INTO "users" ("first_name", "last_name", "password_digest", "category", "bio", "role", "email", "created_at", "updated_at") VALUES ($1, $2, $3, $4, $5, $6, $7, $8, $9) RETURNING "id"[0m  [["first_name", "Tyler"], ["last_name", "Knight"], ["password_digest", "pw"], ["category", "science"], ["bio", "heres some info about me"], ["role", "engineer"], ["email", "tknight@me.com"], ["created_at", "2017-09-20 22:27:05.155209"], ["updated_at", "2017-09-20 22:27:05.155209"]]
  [1m[35m (0.6ms)[0m  [1m[35mCOMMIT[0m
  [1m[36mUser Load (0.6ms)[0m  [1m[34mSELECT  "users".* FROM "users" WHERE "users"."id" = $1 LIMIT $2[0m  [["id", 5], ["LIMIT", 1]]
  [1m[35m (0.3ms)[0m  [1m[35mBEGIN[0m
  [1m[35mSQL (4.6ms)[0m  [1m[32mINSERT INTO "projects" ("creator_id", "name", "category", "long_desc", "short_desc", "project_link", "created_at", "updated_at") VALUES ($1, $2, $3, $4, $5, $6, $7, $8) RETURNING "id"[0m  [["creator_id", 5], ["name", "Test Project 1"], ["category", "science"], ["long_desc", "this is the long description."], ["short_desc", "this is the short description."], ["project_link", "http://google.com"], ["created_at", "2017-09-20 22:28:09.272932"], ["updated_at", "2017-09-20 22:28:09.272932"]]
  [1m[35m (0.6ms)[0m  [1m[35mCOMMIT[0m
  [1m[36mUser Load (0.9ms)[0m  [1m[34mSELECT  "users".* FROM "users" LIMIT $1[0m  [["LIMIT", 11]]
  [1m[36mUser Load (0.9ms)[0m  [1m[34mSELECT  "users".* FROM "users" ORDER BY "users"."id" DESC LIMIT $1[0m  [["LIMIT", 1]]
  [1m[36mUser Load (0.9ms)[0m  [1m[34mSELECT  "users".* FROM "users" ORDER BY "users"."id" DESC LIMIT $1[0m  [["LIMIT", 1]]
  [1m[35m (0.2ms)[0m  [1m[35mBEGIN[0m
  [1m[35mSQL (4.9ms)[0m  [1m[31mDELETE FROM "users" WHERE "users"."id" = $1[0m  [["id", 5]]
  [1m[35m (0.5ms)[0m  [1m[35mCOMMIT[0m
  [1m[36mProject Load (0.6ms)[0m  [1m[34mSELECT  "projects".* FROM "projects" LIMIT $1[0m  [["LIMIT", 11]]
  [1m[36mUser Load (1.2ms)[0m  [1m[34mSELECT "users".* FROM "users"[0m
  [1m[35m (0.2ms)[0m  [1m[35mBEGIN[0m
  [1m[35mSQL (0.6ms)[0m  [1m[31mDELETE FROM "users" WHERE "users"."id" = $1[0m  [["id", 1]]
  [1m[35m (0.6ms)[0m  [1m[35mCOMMIT[0m
  [1m[35m (0.2ms)[0m  [1m[35mBEGIN[0m
  [1m[35mSQL (2.0ms)[0m  [1m[31mDELETE FROM "users" WHERE "users"."id" = $1[0m  [["id", 2]]
  [1m[35m (0.8ms)[0m  [1m[35mCOMMIT[0m
  [1m[35m (0.6ms)[0m  [1m[35mBEGIN[0m
  [1m[35mSQL (1.0ms)[0m  [1m[31mDELETE FROM "users" WHERE "users"."id" = $1[0m  [["id", 3]]
  [1m[35m (0.8ms)[0m  [1m[35mCOMMIT[0m
  [1m[35m (0.6ms)[0m  [1m[35mBEGIN[0m
  [1m[35mSQL (0.6ms)[0m  [1m[31mDELETE FROM "users" WHERE "users"."id" = $1[0m  [["id", 4]]
  [1m[35m (1.5ms)[0m  [1m[35mCOMMIT[0m
  [1m[36mProject Load (1.0ms)[0m  [1m[34mSELECT "projects".* FROM "projects"[0m
  [1m[35m (0.3ms)[0m  [1m[35mBEGIN[0m
  [1m[35mSQL (1.1ms)[0m  [1m[31mDELETE FROM "projects" WHERE "projects"."id" = $1[0m  [["id", 1]]
  [1m[35m (7.7ms)[0m  [1m[35mCOMMIT[0m
  [1m[36mUser Load (1.0ms)[0m  [1m[34mSELECT  "users".* FROM "users" LIMIT $1[0m  [["LIMIT", 11]]
  [1m[35m (0.3ms)[0m  [1m[35mBEGIN[0m
  [1m[35mSQL (2.0ms)[0m  [1m[32mINSERT INTO "users" ("first_name", "last_name", "password_digest", "category", "bio", "role", "email", "created_at", "updated_at") VALUES ($1, $2, $3, $4, $5, $6, $7, $8, $9) RETURNING "id"[0m  [["first_name", "Tyler"], ["last_name", "Knight"], ["password_digest", "pw"], ["category", "science"], ["bio", "heres some info about me"], ["role", "engineer"], ["email", "tknight@me.com"], ["created_at", "2017-09-20 22:30:24.520430"], ["updated_at", "2017-09-20 22:30:24.520430"]]
  [1m[35m (0.5ms)[0m  [1m[35mCOMMIT[0m
  [1m[35m (0.2ms)[0m  [1m[35mBEGIN[0m
  [1m[35mSQL (0.8ms)[0m  [1m[32mINSERT INTO "users" ("first_name", "last_name", "password_digest", "category", "bio", "role", "email", "created_at", "updated_at") VALUES ($1, $2, $3, $4, $5, $6, $7, $8, $9) RETURNING "id"[0m  [["first_name", "Wakim"], ["last_name", "Parker"], ["password_digest", "pw"], ["category", "science"], ["bio", "heres some info about me"], ["role", "engineer"], ["email", "wknight@me.com"], ["created_at", "2017-09-20 22:30:24.535423"], ["updated_at", "2017-09-20 22:30:24.535423"]]
  [1m[35m (0.5ms)[0m  [1m[35mCOMMIT[0m
  [1m[35m (0.2ms)[0m  [1m[35mBEGIN[0m
  [1m[35mSQL (0.8ms)[0m  [1m[32mINSERT INTO "users" ("first_name", "last_name", "password_digest", "category", "bio", "role", "email", "created_at", "updated_at") VALUES ($1, $2, $3, $4, $5, $6, $7, $8, $9) RETURNING "id"[0m  [["first_name", "Johnny"], ["last_name", "Vulture"], ["password_digest", "pw"], ["category", "science"], ["bio", "heres some info about me"], ["role", "engineer"], ["email", "jknight@me.com"], ["created_at", "2017-09-20 22:30:24.546666"], ["updated_at", "2017-09-20 22:30:24.546666"]]
  [1m[35m (0.5ms)[0m  [1m[35mCOMMIT[0m
  [1m[35m (0.2ms)[0m  [1m[35mBEGIN[0m
  [1m[35mSQL (0.6ms)[0m  [1m[32mINSERT INTO "users" ("first_name", "last_name", "password_digest", "category", "bio", "role", "email", "created_at", "updated_at") VALUES ($1, $2, $3, $4, $5, $6, $7, $8, $9) RETURNING "id"[0m  [["first_name", "Theo"], ["last_name", "Cumberbatch"], ["password_digest", "pw"], ["category", "science"], ["bio", "heres some info about me"], ["role", "engineer"], ["email", "thknight@me.com"], ["created_at", "2017-09-20 22:30:25.317787"], ["updated_at", "2017-09-20 22:30:25.317787"]]
  [1m[35m (8.2ms)[0m  [1m[35mCOMMIT[0m
  [1m[35m (0.2ms)[0m  [1m[35mBEGIN[0m
  [1m[35m (0.2ms)[0m  [1m[31mROLLBACK[0m
  [1m[35m (0.2ms)[0m  [1m[35mBEGIN[0m
  [1m[36mUser Load (0.4ms)[0m  [1m[34mSELECT  "users".* FROM "users" WHERE "users"."id" = $1 LIMIT $2[0m  [["id", 6], ["LIMIT", 1]]
  [1m[35mSQL (0.5ms)[0m  [1m[32mINSERT INTO "projects" ("creator_id", "name", "category", "long_desc", "short_desc", "project_link", "created_at", "updated_at") VALUES ($1, $2, $3, $4, $5, $6, $7, $8) RETURNING "id"[0m  [["creator_id", 6], ["name", "Test Project 1"], ["category", "science"], ["long_desc", "this is the long description."], ["short_desc", "this is the short description."], ["project_link", "http://google.com"], ["created_at", "2017-09-20 22:30:33.666168"], ["updated_at", "2017-09-20 22:30:33.666168"]]
  [1m[35m (0.4ms)[0m  [1m[35mCOMMIT[0m
  [1m[35m (0.2ms)[0m  [1m[35mBEGIN[0m
  [1m[36mUser Load (0.7ms)[0m  [1m[34mSELECT  "users".* FROM "users" WHERE "users"."id" = $1 LIMIT $2[0m  [["id", 8], ["LIMIT", 1]]
  [1m[35mSQL (0.6ms)[0m  [1m[32mINSERT INTO "projects" ("creator_id", "name", "category", "long_desc", "short_desc", "project_link", "created_at", "updated_at") VALUES ($1, $2, $3, $4, $5, $6, $7, $8) RETURNING "id"[0m  [["creator_id", 8], ["name", "Test Project 2"], ["category", "science"], ["long_desc", "this is the long description."], ["short_desc", "this is the short description."], ["project_link", "http://google.com"], ["created_at", "2017-09-20 22:30:33.676922"], ["updated_at", "2017-09-20 22:30:33.676922"]]
  [1m[35m (0.4ms)[0m  [1m[35mCOMMIT[0m
  [1m[35m (0.2ms)[0m  [1m[35mBEGIN[0m
  [1m[36mUser Load (0.4ms)[0m  [1m[34mSELECT  "users".* FROM "users" WHERE "users"."id" = $1 LIMIT $2[0m  [["id", 8], ["LIMIT", 1]]
  [1m[35mSQL (0.5ms)[0m  [1m[32mINSERT INTO "projects" ("creator_id", "name", "category", "long_desc", "short_desc", "project_link", "created_at", "updated_at") VALUES ($1, $2, $3, $4, $5, $6, $7, $8) RETURNING "id"[0m  [["creator_id", 8], ["name", "Test Project 3"], ["category", "science"], ["long_desc", "this is the long description."], ["short_desc", "this is the short description."], ["project_link", "http://google.com"], ["created_at", "2017-09-20 22:30:33.686767"], ["updated_at", "2017-09-20 22:30:33.686767"]]
  [1m[35m (0.4ms)[0m  [1m[35mCOMMIT[0m
  [1m[35m (0.2ms)[0m  [1m[35mBEGIN[0m
  [1m[36mUser Load (0.4ms)[0m  [1m[34mSELECT  "users".* FROM "users" WHERE "users"."id" = $1 LIMIT $2[0m  [["id", 6], ["LIMIT", 1]]
  [1m[35mSQL (0.5ms)[0m  [1m[32mINSERT INTO "projects" ("creator_id", "name", "category", "long_desc", "short_desc", "project_link", "created_at", "updated_at") VALUES ($1, $2, $3, $4, $5, $6, $7, $8) RETURNING "id"[0m  [["creator_id", 6], ["name", "Test Project 4"], ["category", "science"], ["long_desc", "this is the long description."], ["short_desc", "this is the short description."], ["project_link", "http://google.com"], ["created_at", "2017-09-20 22:30:34.819871"], ["updated_at", "2017-09-20 22:30:34.819871"]]
  [1m[35m (8.2ms)[0m  [1m[35mCOMMIT[0m
Started GET "/api/v1/projects" for 127.0.0.1 at 2017-09-20 18:49:12 -0400
Processing by Api::V1::ProjectsController#index as */*
  [1m[36mProject Load (2.1ms)[0m  [1m[34mSELECT "projects".* FROM "projects"[0m
Completed 200 OK in 151ms (Views: 75.7ms | ActiveRecord: 16.9ms)


Started GET "/api/v1/projects" for 127.0.0.1 at 2017-09-20 18:49:55 -0400
Processing by Api::V1::ProjectsController#index as */*
  [1m[36mProject Load (8.6ms)[0m  [1m[34mSELECT "projects".* FROM "projects"[0m
Completed 200 OK in 54ms (Views: 36.1ms | ActiveRecord: 8.6ms)


Started GET "/api/v1/projects" for 127.0.0.1 at 2017-09-20 18:54:16 -0400
Processing by Api::V1::ProjectsController#index as HTML
  [1m[36mProject Load (1.6ms)[0m  [1m[34mSELECT "projects".* FROM "projects"[0m
Completed 200 OK in 55ms (Views: 48.4ms | ActiveRecord: 1.6ms)


Started GET "/api/v1/projects" for 127.0.0.1 at 2017-09-20 18:59:37 -0400
Processing by Api::V1::ProjectsController#index as */*
  [1m[36mProject Load (1.7ms)[0m  [1m[34mSELECT "projects".* FROM "projects"[0m
Completed 200 OK in 134ms (Views: 125.3ms | ActiveRecord: 1.7ms)


Started GET "/api/v1/projects" for 127.0.0.1 at 2017-09-20 18:59:46 -0400
Processing by Api::V1::ProjectsController#index as */*
  [1m[36mProject Load (3.5ms)[0m  [1m[34mSELECT "projects".* FROM "projects"[0m
Completed 200 OK in 31ms (Views: 18.1ms | ActiveRecord: 3.5ms)


Started GET "/api/v1/projects" for 127.0.0.1 at 2017-09-20 20:55:05 -0400
Processing by Api::V1::ProjectsController#index as */*
  [1m[36mProject Load (20.3ms)[0m  [1m[34mSELECT "projects".* FROM "projects"[0m
Completed 200 OK in 165ms (Views: 139.2ms | ActiveRecord: 20.3ms)


Started GET "/api/v1/projects" for 127.0.0.1 at 2017-09-20 20:55:51 -0400
Processing by Api::V1::ProjectsController#index as */*
  [1m[36mProject Load (16.2ms)[0m  [1m[34mSELECT "projects".* FROM "projects"[0m
Completed 200 OK in 99ms (Views: 69.7ms | ActiveRecord: 16.2ms)


Started GET "/api/v1/projects" for 127.0.0.1 at 2017-09-20 20:56:18 -0400
Processing by Api::V1::ProjectsController#index as */*
  [1m[36mProject Load (7.9ms)[0m  [1m[34mSELECT "projects".* FROM "projects"[0m
Completed 200 OK in 104ms (Views: 89.2ms | ActiveRecord: 7.9ms)


Started GET "/api/v1/projects" for 127.0.0.1 at 2017-09-20 20:56:58 -0400
Processing by Api::V1::ProjectsController#index as */*
  [1m[36mProject Load (5.3ms)[0m  [1m[34mSELECT "projects".* FROM "projects"[0m
Completed 200 OK in 34ms (Views: 27.6ms | ActiveRecord: 5.3ms)


Started GET "/api/v1/projects" for 127.0.0.1 at 2017-09-20 20:57:58 -0400
Processing by Api::V1::ProjectsController#index as */*
  [1m[36mProject Load (6.2ms)[0m  [1m[34mSELECT "projects".* FROM "projects"[0m
Completed 200 OK in 86ms (Views: 73.6ms | ActiveRecord: 6.2ms)


Started GET "/api/v1/projects" for 127.0.0.1 at 2017-09-20 21:02:59 -0400
Processing by Api::V1::ProjectsController#index as */*
  [1m[36mProject Load (3.7ms)[0m  [1m[34mSELECT "projects".* FROM "projects"[0m
Completed 200 OK in 83ms (Views: 53.5ms | ActiveRecord: 3.7ms)


Started GET "/api/v1/projects" for 127.0.0.1 at 2017-09-20 21:16:55 -0400
Processing by Api::V1::ProjectsController#index as */*
  [1m[36mProject Load (1.5ms)[0m  [1m[34mSELECT "projects".* FROM "projects"[0m
Completed 200 OK in 63ms (Views: 56.0ms | ActiveRecord: 1.5ms)


Started GET "/api/v1/projects" for 127.0.0.1 at 2017-09-20 21:17:04 -0400
Processing by Api::V1::ProjectsController#index as */*
  [1m[36mProject Load (5.2ms)[0m  [1m[34mSELECT "projects".* FROM "projects"[0m
Completed 200 OK in 18ms (Views: 12.5ms | ActiveRecord: 5.2ms)


Started GET "/api/v1/projects" for 127.0.0.1 at 2017-09-20 21:17:15 -0400
Processing by Api::V1::ProjectsController#index as */*
  [1m[36mProject Load (6.8ms)[0m  [1m[34mSELECT "projects".* FROM "projects"[0m
Completed 200 OK in 250ms (Views: 219.5ms | ActiveRecord: 6.8ms)


Started GET "/api/v1/projects" for 127.0.0.1 at 2017-09-20 21:17:56 -0400
Processing by Api::V1::ProjectsController#index as */*
  [1m[36mProject Load (3.0ms)[0m  [1m[34mSELECT "projects".* FROM "projects"[0m
Completed 200 OK in 10ms (Views: 6.3ms | ActiveRecord: 3.0ms)


Started GET "/api/v1/projects" for 127.0.0.1 at 2017-09-20 21:25:26 -0400
Processing by Api::V1::ProjectsController#index as */*
  [1m[36mProject Load (7.1ms)[0m  [1m[34mSELECT "projects".* FROM "projects"[0m
Completed 200 OK in 91ms (Views: 64.1ms | ActiveRecord: 7.1ms)


Started GET "/api/v1/projects" for 127.0.0.1 at 2017-09-20 21:25:32 -0400
Processing by Api::V1::ProjectsController#index as */*
  [1m[36mProject Load (0.9ms)[0m  [1m[34mSELECT "projects".* FROM "projects"[0m
Completed 200 OK in 13ms (Views: 12.0ms | ActiveRecord: 0.9ms)


Started GET "/api/v1/projects" for 127.0.0.1 at 2017-09-20 21:27:50 -0400
Processing by Api::V1::ProjectsController#index as */*
  [1m[36mProject Load (15.2ms)[0m  [1m[34mSELECT "projects".* FROM "projects"[0m
Completed 200 OK in 103ms (Views: 81.1ms | ActiveRecord: 15.2ms)


Started GET "/api/v1/projects" for 127.0.0.1 at 2017-09-20 21:28:51 -0400
Processing by Api::V1::ProjectsController#index as */*
  [1m[36mProject Load (1.7ms)[0m  [1m[34mSELECT "projects".* FROM "projects"[0m
Completed 200 OK in 84ms (Views: 75.3ms | ActiveRecord: 1.7ms)


Started GET "/api/v1/projects" for 127.0.0.1 at 2017-09-20 21:29:02 -0400
Processing by Api::V1::ProjectsController#index as */*
  [1m[36mProject Load (3.0ms)[0m  [1m[34mSELECT "projects".* FROM "projects"[0m
Completed 200 OK in 20ms (Views: 16.3ms | ActiveRecord: 3.0ms)


Started GET "/api/v1/projects" for 127.0.0.1 at 2017-09-20 21:30:46 -0400
Processing by Api::V1::ProjectsController#index as */*
  [1m[36mProject Load (4.1ms)[0m  [1m[34mSELECT "projects".* FROM "projects"[0m
Completed 200 OK in 62ms (Views: 51.6ms | ActiveRecord: 4.1ms)


Started GET "/api/v1/projects" for 127.0.0.1 at 2017-09-20 21:31:31 -0400
Processing by Api::V1::ProjectsController#index as */*
  [1m[36mProject Load (3.9ms)[0m  [1m[34mSELECT "projects".* FROM "projects"[0m
Completed 200 OK in 36ms (Views: 27.1ms | ActiveRecord: 3.9ms)


Started POST "/api/v1/projects" for 127.0.0.1 at 2017-09-20 21:31:49 -0400
Processing by Api::V1::ProjectsController#create as JSON
  Parameters: {"name"=>"made this with redux", "category"=>"tech", "long_desc"=>"loonnngggg", "short_desc"=>"shooorrtttt", "project"=>{"name"=>"made this with redux", "category"=>"tech", "long_desc"=>"loonnngggg", "short_desc"=>"shooorrtttt"}}
  [1m[36mUser Load (12.2ms)[0m  [1m[34mSELECT  "users".* FROM "users" LIMIT $1[0m  [["LIMIT", 11]]
Completed 500 Internal Server Error in 258959ms (ActiveRecord: 0.0ms)


  
SystemExit (exit):
  
(byebug):1:in `exit'
(byebug):1:in `create'
app/controllers/api/v1/projects_controller.rb:10:in `create'
Started GET "/api/v1/projects" for 127.0.0.1 at 2017-09-20 21:36:40 -0400
  [1m[35m (5.1ms)[0m  [1m[34mSELECT "schema_migrations"."version" FROM "schema_migrations" ORDER BY "schema_migrations"."version" ASC[0m
Processing by Api::V1::ProjectsController#index as */*
  [1m[36mProject Load (5.2ms)[0m  [1m[34mSELECT "projects".* FROM "projects"[0m
Completed 200 OK in 68ms (Views: 28.0ms | ActiveRecord: 20.0ms)


Started POST "/api/v1/projects" for 127.0.0.1 at 2017-09-20 21:37:05 -0400
Processing by Api::V1::ProjectsController#create as JSON
  Parameters: {"name"=>"made this with redux", "category"=>"tech", "long_desc"=>"long desc", "short_desc"=>"short desc", "project"=>{"name"=>"made this with redux", "category"=>"tech", "long_desc"=>"long desc", "short_desc"=>"short desc"}}
  [1m[35m (1.0ms)[0m  [1m[35mBEGIN[0m
  [1m[36mUser Load (1.2ms)[0m  [1m[34mSELECT  "users".* FROM "users" WHERE "users"."id" = $1 LIMIT $2[0m  [["id", 6], ["LIMIT", 1]]
  [1m[35mSQL (9.9ms)[0m  [1m[32mINSERT INTO "projects" ("creator_id", "name", "category", "long_desc", "short_desc", "created_at", "updated_at") VALUES ($1, $2, $3, $4, $5, $6, $7) RETURNING "id"[0m  [["creator_id", 6], ["name", "made this with redux"], ["category", "tech"], ["long_desc", "long desc"], ["short_desc", "short desc"], ["created_at", "2017-09-21 01:37:05.405411"], ["updated_at", "2017-09-21 01:37:05.405411"]]
  [1m[35m (1.7ms)[0m  [1m[35mCOMMIT[0m
  [1m[36mProject Load (0.7ms)[0m  [1m[34mSELECT "projects".* FROM "projects"[0m
Completed 200 OK in 116ms (Views: 4.6ms | ActiveRecord: 50.3ms)


Started GET "/api/v1/projects" for 127.0.0.1 at 2017-09-20 21:40:03 -0400
Processing by Api::V1::ProjectsController#index as */*
  [1m[36mProject Load (1.6ms)[0m  [1m[34mSELECT "projects".* FROM "projects"[0m
Completed 200 OK in 152ms (Views: 138.6ms | ActiveRecord: 1.6ms)


Started GET "/api/v1/projects" for 127.0.0.1 at 2017-09-20 21:41:24 -0400
Processing by Api::V1::ProjectsController#index as */*
  [1m[36mProject Load (2.1ms)[0m  [1m[34mSELECT "projects".* FROM "projects"[0m
Completed 200 OK in 45ms (Views: 36.8ms | ActiveRecord: 2.1ms)


Started GET "/api/v1/projects" for 127.0.0.1 at 2017-09-20 21:42:06 -0400
Processing by Api::V1::ProjectsController#index as */*
  [1m[36mProject Load (11.0ms)[0m  [1m[34mSELECT "projects".* FROM "projects"[0m
Completed 200 OK in 71ms (Views: 53.3ms | ActiveRecord: 11.0ms)


Started GET "/api/v1/projects" for 127.0.0.1 at 2017-09-20 21:42:40 -0400
Processing by Api::V1::ProjectsController#index as */*
  [1m[36mProject Load (2.5ms)[0m  [1m[34mSELECT "projects".* FROM "projects"[0m
Completed 200 OK in 9ms (Views: 5.8ms | ActiveRecord: 2.5ms)


Started GET "/api/v1/projects" for 127.0.0.1 at 2017-09-20 21:43:45 -0400
Processing by Api::V1::ProjectsController#index as */*
  [1m[36mProject Load (9.9ms)[0m  [1m[34mSELECT "projects".* FROM "projects"[0m
Completed 200 OK in 151ms (Views: 121.6ms | ActiveRecord: 9.9ms)


Started GET "/api/v1/projects" for 127.0.0.1 at 2017-09-20 22:03:08 -0400
Processing by Api::V1::ProjectsController#index as */*
  [1m[36mProject Load (1.8ms)[0m  [1m[34mSELECT "projects".* FROM "projects"[0m
Completed 200 OK in 175ms (Views: 167.9ms | ActiveRecord: 1.8ms)


Started GET "/api/v1/projects" for 127.0.0.1 at 2017-09-21 09:06:14 -0400
Processing by Api::V1::ProjectsController#index as */*
  [1m[36mProject Load (37.5ms)[0m  [1m[34mSELECT "projects".* FROM "projects"[0m
Completed 200 OK in 324ms (Views: 246.7ms | ActiveRecord: 37.5ms)


